\BOOKMARK [-1][-]{part.1}{I How to use this book}{}% 1
\BOOKMARK [0][-]{chapter.1}{Getting started}{part.1}% 2
\BOOKMARK [1][-]{section.1.1}{Cookbook approach}{chapter.1}% 3
\BOOKMARK [1][-]{section.1.2}{Biml}{chapter.1}% 4
\BOOKMARK [-1][-]{part.2}{II Expressions}{}% 5
\BOOKMARK [0][-]{chapter.2}{Date and time}{part.2}% 6
\BOOKMARK [1][-]{section.2.1}{YYYY}{chapter.2}% 7
\BOOKMARK [1][-]{section.2.2}{YY}{chapter.2}% 8
\BOOKMARK [1][-]{section.2.3}{MM}{chapter.2}% 9
\BOOKMARK [1][-]{section.2.4}{DD}{chapter.2}% 10
\BOOKMARK [1][-]{section.2.5}{YYYY-MM-DD}{chapter.2}% 11
\BOOKMARK [1][-]{section.2.6}{YYYYMMDD}{chapter.2}% 12
\BOOKMARK [0][-]{chapter.3}{File names}{part.2}% 13
\BOOKMARK [1][-]{section.3.1}{Get file extension}{chapter.3}% 14
\BOOKMARK [1][-]{section.3.2}{Get file name}{chapter.3}% 15
\BOOKMARK [1][-]{section.3.3}{Get file path}{chapter.3}% 16
\BOOKMARK [1][-]{section.3.4}{Get file name without extension}{chapter.3}% 17
\BOOKMARK [0][-]{chapter.4}{Padding strings}{part.2}% 18
\BOOKMARK [1][-]{section.4.1}{Left pad}{chapter.4}% 19
\BOOKMARK [1][-]{section.4.2}{Right pad}{chapter.4}% 20
\BOOKMARK [1][-]{section.4.3}{Trim to null}{chapter.4}% 21
\BOOKMARK [-1][-]{part.3}{III Looping}{}% 22
\BOOKMARK [0][-]{chapter.5}{Foreach Enumerator}{part.3}% 23
\BOOKMARK [1][-]{section.5.1}{Process all the files}{chapter.5}% 24
\BOOKMARK [1][-]{section.5.2}{Shred a recordset}{chapter.5}% 25
\BOOKMARK [1][-]{section.5.3}{Iterate a resultset}{chapter.5}% 26
\BOOKMARK [-1][-]{part.4}{IV Email}{}% 27
\BOOKMARK [0][-]{chapter.6}{Send mail task}{part.4}% 28
\BOOKMARK [1][-]{section.6.1}{Send an email}{chapter.6}% 29
\BOOKMARK [1][-]{section.6.2}{Send an attachment}{chapter.6}% 30
\BOOKMARK [1][-]{section.6.3}{Send the results of a query}{chapter.6}% 31
\BOOKMARK [1][-]{section.6.4}{Send an HTML formatted message}{chapter.6}% 32
\BOOKMARK [1][-]{section.6.5}{Send dynamic text}{chapter.6}% 33
\BOOKMARK [0][-]{chapter.7}{sp send dbmail}{part.4}% 34
\BOOKMARK [1][-]{section.7.1}{Send an email}{chapter.7}% 35
\BOOKMARK [1][-]{section.7.2}{Send an attachment}{chapter.7}% 36
\BOOKMARK [1][-]{section.7.3}{Send the results of a query}{chapter.7}% 37
\BOOKMARK [1][-]{section.7.4}{Send an HTML formatted message}{chapter.7}% 38
\BOOKMARK [1][-]{section.7.5}{Send dynamic text}{chapter.7}% 39
\BOOKMARK [0][-]{chapter.8}{Dislcaimers}{part.4}% 40
